Build started 1/7/2013 3:18:15 AM.
     1>Project "C:\Users\owner\Documents\Visual Studio 2010\Projects\MoreMoreDrawingStuff\MoreMoreDrawingStuff\MoreMoreDrawingStuff.vcxproj" on node 2 (build target(s)).
     1>InitializeBuildStatus:
         Creating "Debug\MoreMoreDrawingStuff.unsuccessfulbuild" because "AlwaysCreate" was specified.
       ClCompile:
         All outputs are up-to-date.
         All outputs are up-to-date.
       ResourceCompile:
         C:\Program Files (x86)\Microsoft SDKs\Windows\v7.0A\bin\rc.exe /D _UNICODE /D UNICODE /l"0x0409" /nologo /fo"Debug\MoreMoreDrawingStuff.res" MoreMoreDrawingStuff.rc 
       ManifestResourceCompile:
         All outputs are up-to-date.
       Link:
         C:\Program Files (x86)\Microsoft Visual Studio 10.0\VC\bin\link.exe /ERRORREPORT:PROMPT /OUT:"C:\Users\owner\Documents\Visual Studio 2010\Projects\MoreMoreDrawingStuff\Debug\MoreMoreDrawingStuff.exe" /INCREMENTAL /NOLOGO d2d1.lib kernel32.lib user32.lib gdi32.lib winspool.lib comdlg32.lib advapi32.lib shell32.lib ole32.lib oleaut32.lib uuid.lib odbc32.lib odbccp32.lib kernel32.lib user32.lib gdi32.lib winspool.lib comdlg32.lib advapi32.lib shell32.lib ole32.lib oleaut32.lib uuid.lib odbc32.lib odbccp32.lib /MANIFEST /ManifestFile:"Debug\MoreMoreDrawingStuff.exe.intermediate.manifest" /MANIFESTUAC:"level='asInvoker' uiAccess='false'" /DEBUG /PDB:"C:\Users\owner\Documents\Visual Studio 2010\Projects\MoreMoreDrawingStuff\Debug\MoreMoreDrawingStuff.pdb" /SUBSYSTEM:WINDOWS /TLBID:1 /DYNAMICBASE /NXCOMPAT /IMPLIB:"C:\Users\owner\Documents\Visual Studio 2010\Projects\MoreMoreDrawingStuff\Debug\MoreMoreDrawingStuff.lib" /MACHINE:X86 Debug\MoreMoreDrawingStuff.res
         Debug\MoreMoreDrawingStuff.exe.embed.manifest.res
         Debug\App.obj
         Debug\MoreMoreDrawingStuff.obj
         Debug\stdafx.obj
       Manifest:
         C:\Program Files (x86)\Microsoft SDKs\Windows\v7.0A\bin\mt.exe /nologo /verbose /out:"Debug\MoreMoreDrawingStuff.exe.embed.manifest" /manifest Debug\MoreMoreDrawingStuff.exe.intermediate.manifest
         All outputs are up-to-date.
       LinkEmbedManifest:
         All outputs are up-to-date.
         MoreMoreDrawingStuff.vcxproj -> C:\Users\owner\Documents\Visual Studio 2010\Projects\MoreMoreDrawingStuff\Debug\MoreMoreDrawingStuff.exe
       FinalizeBuildStatus:
         Deleting file "Debug\MoreMoreDrawingStuff.unsuccessfulbuild".
         Touching "Debug\MoreMoreDrawingStuff.lastbuildstate".
     1>Done Building Project "C:\Users\owner\Documents\Visual Studio 2010\Projects\MoreMoreDrawingStuff\MoreMoreDrawingStuff\MoreMoreDrawingStuff.vcxproj" (build target(s)).

Build succeeded.

Time Elapsed 00:00:00.39
