#
# A fatal error has been detected by the Java Runtime Environment:
#
#  Internal Error (javaClasses.cpp:129), pid=3228, tid=7892
#  fatal error: Invalid layout of preloaded class
#
# JRE version: 7.0_06-b24
# Java VM: Java HotSpot(TM) 64-Bit Server VM (23.2-b09 mixed mode windows-amd64 compressed oops)
# Failed to write core dump. Minidumps are not enabled by default on client versions of Windows
#
# If you would like to submit a bug report, please visit:
#   http://bugreport.sun.com/bugreport/crash.jsp
#

---------------  T H R E A D  ---------------

Current thread (0x00000000024cc800):  JavaThread "Unknown thread" [_thread_in_vm, id=7892, stack(0x00000000027b0000,0x00000000028b0000)]

Stack: [0x00000000027b0000,0x00000000028b0000]

---------------  P R O C E S S  ---------------

Java Threads: ( => current thread )

Other Threads:

=>0x00000000024cc800 (exited) JavaThread "Unknown thread" [_thread_in_vm, id=7892, stack(0x00000000027b0000,0x00000000028b0000)]

VM state:not at safepoint (not fully initialized)

VM Mutex/Monitor currently owned by a thread: None

GC Heap History (0 events):
No events

Deoptimization events (0 events):
No events

Internal exceptions (0 events):
No events

Events (10 events):
Event: 0.011 loading class 0x00000000023a00e0 done
Event: 0.011 loading class 0x00000000023625c0 done
Event: 0.011 loading class 0x0000000002362590
Event: 0.011 loading class 0x00000000023ee140
Event: 0.011 loading class 0x00000000023ee140 done
Event: 0.011 loading class 0x00000000023ee180
Event: 0.011 loading class 0x00000000023ee180 done
Event: 0.011 loading class 0x00000000023f0440
Event: 0.011 loading class 0x00000000023f0440 done
Event: 0.011 loading class 0x0000000002362590 done


Dynamic libraries:
0x000000013f0a0000 - 0x000000013f0d4000 	C:\Program Files\Java\jre7\bin\javaw.exe
0x00000000770e0000 - 0x0000000077289000 	C:\Windows\SYSTEM32\ntdll.dll
0x0000000076fc0000 - 0x00000000770df000 	C:\Windows\system32\kernel32.dll
0x000007fefd760000 - 0x000007fefd7cb000 	C:\Windows\system32\KERNELBASE.dll
0x000007fefd910000 - 0x000007fefd9eb000 	C:\Windows\system32\ADVAPI32.dll
0x000007fefe8b0000 - 0x000007fefe94f000 	C:\Windows\system32\msvcrt.dll
0x000007fefec30000 - 0x000007fefec4f000 	C:\Windows\SYSTEM32\sechost.dll
0x000007feff2c0000 - 0x000007feff3ed000 	C:\Windows\system32\RPCRT4.dll
0x0000000076c10000 - 0x0000000076d0a000 	C:\Windows\system32\USER32.dll
0x000007fefeed0000 - 0x000007fefef37000 	C:\Windows\system32\GDI32.dll
0x000007fefdac0000 - 0x000007fefdace000 	C:\Windows\system32\LPK.dll
0x000007fefe950000 - 0x000007fefea19000 	C:\Windows\system32\USP10.dll
0x000007fefb800000 - 0x000007fefb9f4000 	C:\Windows\WinSxS\amd64_microsoft.windows.common-controls_6595b64144ccf1df_6.0.7601.17514_none_fa396087175ac9ac\COMCTL32.dll
0x000007fefda40000 - 0x000007fefdab1000 	C:\Windows\system32\SHLWAPI.dll
0x000007fefdad0000 - 0x000007fefdafe000 	C:\Windows\system32\IMM32.DLL
0x000007fefeb20000 - 0x000007fefec29000 	C:\Windows\system32\MSCTF.dll
0x000007fefd4f0000 - 0x000007fefd534000 	C:\Windows\system32\nvinitx.dll
0x000000006d160000 - 0x000000006d231000 	C:\Program Files\Java\jre7\bin\msvcr100.dll
0x0000000066d90000 - 0x00000000674af000 	C:\Program Files\Java\jre7\bin\server\jvm.dll
0x000007fef84c0000 - 0x000007fef84c9000 	C:\Windows\system32\WSOCK32.dll
0x000007fefd9f0000 - 0x000007fefda3d000 	C:\Windows\system32\WS2_32.dll
0x000007feff150000 - 0x000007feff158000 	C:\Windows\system32\NSI.dll
0x000007fefa460000 - 0x000007fefa49b000 	C:\Windows\system32\WINMM.dll
0x00000000772a0000 - 0x00000000772a7000 	C:\Windows\system32\PSAPI.DLL
0x0000000072f60000 - 0x0000000072f6f000 	C:\Program Files\Java\jre7\bin\verify.dll
0x0000000072f30000 - 0x0000000072f58000 	C:\Program Files\Java\jre7\bin\java.dll
0x000000006f720000 - 0x000000006f735000 	C:\Program Files\Java\jre7\bin\zip.dll

VM Arguments:
jvm_args: -Dfile.encoding=Cp1252 -Xbootclasspath:C:\Users\Alex\AppData\Local\Android\android-sdk\platforms\android-14\android.jar 
java_command: com.example.calculator.PostfixCalculator
Launcher Type: SUN_STANDARD

Environment Variables:
CLASSPATH=.;C:\Program Files (x86)\Java\jre7\lib\ext\QTJava.zip
PATH=C:\Program Files\Common Files\Microsoft Shared\Windows Live;C:\Program Files (x86)\Common Files\Microsoft Shared\Windows Live;C:\Program Files (x86)\Intel\iCLS Client\;C:\Program Files\Intel\iCLS Client\;C:\Program Files (x86)\NVIDIA Corporation\PhysX\Common;C:\Windows\system32;C:\Windows;C:\Windows\System32\Wbem;C:\Windows\System32\WindowsPowerShell\v1.0\;C:\Program Files (x86)\Intel\OpenCL SDK\2.0\bin\x86;C:\Program Files (x86)\Intel\OpenCL SDK\2.0\bin\x64;C:\Program Files\Intel\Intel(R) Management Engine Components\DAL;C:\Program Files\Intel\Intel(R) Management Engine Components\IPT;C:\Program Files (x86)\Intel\Intel(R) Management Engine Components\DAL;C:\Program Files (x86)\Intel\Intel(R) Management Engine Components\IPT;C:\Program Files\Intel\WiFi\bin\;C:\Program Files\Common Files\Intel\WirelessCommon\;C:\Program Files\Sony\VAIO Improvement\;C:\Program Files (x86)\Sony\VAIO Startup Setting Tool;C:\Program Files (x86)\Windows Live\Shared;C:\Program Files (x86)\QuickTime\QTSystem\
USERNAME=Alex
OS=Windows_NT
PROCESSOR_IDENTIFIER=Intel64 Family 6 Model 58 Stepping 9, GenuineIntel



---------------  S Y S T E M  ---------------

OS: Windows 7 , 64 bit Build 7601 Service Pack 1

CPU:total 4 (2 cores per cpu, 2 threads per core) family 6 model 58 stepping 9, cmov, cx8, fxsr, mmx, sse, sse2, sse3, ssse3, sse4.1, sse4.2, popcnt, avx, ht, tsc, tscinvbit, tscinv

Memory: 4k page, physical 6188316k(4075572k free), swap 12374780k(8658644k free)

vm_info: Java HotSpot(TM) 64-Bit Server VM (23.2-b09) for windows-amd64 JRE (1.7.0_06-b24), built on Aug  9 2012 20:44:07 by "java_re" with unknown MS VC++:1600

time: Tue Jan 15 14:35:46 2013
elapsed time: 0 seconds

